c:\users\$67v000-qiigrf35j0m4\documents\epitech\oop_indie_studio_2018\bomberman.dir\debug\vc142.pdb
c:\users\$67v000-qiigrf35j0m4\documents\epitech\oop_indie_studio_2018\bomberman.dir\debug\main.obj
c:\users\$67v000-qiigrf35j0m4\documents\epitech\oop_indie_studio_2018\bomberman.dir\debug\player2.obj
c:\users\$67v000-qiigrf35j0m4\documents\epitech\oop_indie_studio_2018\bomberman.dir\debug\player1.obj
c:\users\$67v000-qiigrf35j0m4\documents\epitech\oop_indie_studio_2018\bomberman.dir\debug\menu.obj
c:\users\$67v000-qiigrf35j0m4\documents\epitech\oop_indie_studio_2018\bomberman.dir\debug\game.obj
c:\users\$67v000-qiigrf35j0m4\documents\epitech\oop_indie_studio_2018\bomberman.dir\debug\core.obj
c:\users\$67v000-qiigrf35j0m4\documents\epitech\oop_indie_studio_2018\cmakefiles\generate.stamp
c:\users\$67v000-qiigrf35j0m4\documents\epitech\oop_indie_studio_2018\debug\bomberman.pdb
c:\users\$67v000-qiigrf35j0m4\documents\epitech\oop_indie_studio_2018\bomberman.dir\debug\bomberman.tlog\cl.command.1.tlog
c:\users\$67v000-qiigrf35j0m4\documents\epitech\oop_indie_studio_2018\bomberman.dir\debug\bomberman.tlog\cl.read.1.tlog
c:\users\$67v000-qiigrf35j0m4\documents\epitech\oop_indie_studio_2018\bomberman.dir\debug\bomberman.tlog\cl.write.1.tlog
c:\users\$67v000-qiigrf35j0m4\documents\epitech\oop_indie_studio_2018\bomberman.dir\debug\bomberman.tlog\custombuild.command.1.tlog
c:\users\$67v000-qiigrf35j0m4\documents\epitech\oop_indie_studio_2018\bomberman.dir\debug\bomberman.tlog\custombuild.read.1.tlog
c:\users\$67v000-qiigrf35j0m4\documents\epitech\oop_indie_studio_2018\bomberman.dir\debug\bomberman.tlog\custombuild.write.1.tlog
c:\users\$67v000-qiigrf35j0m4\documents\epitech\oop_indie_studio_2018\bomberman.dir\debug\bomberman.tlog\link.21328.delete.1.tlog
c:\users\$67v000-qiigrf35j0m4\documents\epitech\oop_indie_studio_2018\bomberman.dir\debug\bomberman.tlog\link.5420-cvtres.read.1.tlog
c:\users\$67v000-qiigrf35j0m4\documents\epitech\oop_indie_studio_2018\bomberman.dir\debug\bomberman.tlog\link.5420-cvtres.write.1.tlog
c:\users\$67v000-qiigrf35j0m4\documents\epitech\oop_indie_studio_2018\bomberman.dir\debug\bomberman.tlog\link.5420-rc.read.1.tlog
c:\users\$67v000-qiigrf35j0m4\documents\epitech\oop_indie_studio_2018\bomberman.dir\debug\bomberman.tlog\link.5420-rc.write.1.tlog
c:\users\$67v000-qiigrf35j0m4\documents\epitech\oop_indie_studio_2018\bomberman.dir\debug\bomberman.tlog\link.5420.delete.1.tlog
c:\users\$67v000-qiigrf35j0m4\documents\epitech\oop_indie_studio_2018\bomberman.dir\debug\bomberman.tlog\link.5420.read.1.tlog
c:\users\$67v000-qiigrf35j0m4\documents\epitech\oop_indie_studio_2018\bomberman.dir\debug\bomberman.tlog\link.5420.read.2.tlog
c:\users\$67v000-qiigrf35j0m4\documents\epitech\oop_indie_studio_2018\bomberman.dir\debug\bomberman.tlog\link.5420.write.1.tlog
c:\users\$67v000-qiigrf35j0m4\documents\epitech\oop_indie_studio_2018\bomberman.dir\debug\bomberman.tlog\link.5852.delete.1.tlog
c:\users\$67v000-qiigrf35j0m4\documents\epitech\oop_indie_studio_2018\bomberman.dir\debug\bomberman.tlog\link.command.1.tlog
c:\users\$67v000-qiigrf35j0m4\documents\epitech\oop_indie_studio_2018\bomberman.dir\debug\bomberman.tlog\link.delete.1.tlog
c:\users\$67v000-qiigrf35j0m4\documents\epitech\oop_indie_studio_2018\bomberman.dir\debug\bomberman.tlog\link.read.1.tlog
c:\users\$67v000-qiigrf35j0m4\documents\epitech\oop_indie_studio_2018\bomberman.dir\debug\bomberman.tlog\link.write.1.tlog
